
Showing logs for build [32mcb-kubecd-environment-pr-205-65-t2n75-1[0m stage [32mfrom-build-pack[0m and container [32mstep-credential-initializer-w68m9[0m
{"level":"info","ts":1587296179.411731,"logger":"fallback-logger","caller":"logging/config.go:69","msg":"Fetch GitHub commit ID from kodata failed: open /var/run/ko/refs/heads/0.8.0-ns-support: no such file or directory"}
{"level":"info","ts":1587296179.4144328,"logger":"fallback-logger","caller":"creds-init/main.go:40","msg":"Credentials initialized."}

Showing logs for build [32mcb-kubecd-environment-pr-205-65-t2n75-1[0m stage [32mfrom-build-pack[0m and container [32mstep-working-dir-initializer-xljzz[0m
{"level":"info","ts":1587296179.9265811,"logger":"fallback-logger","caller":"logging/config.go:69","msg":"Fetch GitHub commit ID from kodata failed: open /var/run/ko/HEAD: no such file or directory"}
{"level":"info","ts":1587296179.9280097,"logger":"fallback-logger","caller":"bash/main.go:64","msg":"Successfully executed command \"sh -c mkdir -p /workspace/source\"; output "}

Showing logs for build [32mcb-kubecd-environment-pr-205-65-t2n75-1[0m stage [32mfrom-build-pack[0m and container [32mstep-place-tools[0m

Showing logs for build [32mcb-kubecd-environment-pr-205-65-t2n75-1[0m stage [32mfrom-build-pack[0m and container [32mstep-git-source-cb-kubecd-environment-pr-205-65-t2n75-7lpzc[0m
{"level":"info","ts":1587296185.0750535,"logger":"fallback-logger","caller":"logging/config.go:69","msg":"Fetch GitHub commit ID from kodata failed: open /var/run/ko/refs/heads/0.8.0-ns-support: no such file or directory"}
{"level":"info","ts":1587296186.1181152,"logger":"fallback-logger","caller":"git/git.go:103","msg":"Successfully cloned https://github.com/cb-kubecd/environment-pr-205-65-boot-gke-staging.git @ master in path /workspace/source"}

Showing logs for build [32mcb-kubecd-environment-pr-205-65-t2n75-1[0m stage [32mfrom-build-pack[0m and container [32mstep-git-merge[0m
Using SHAs from PULL_REFS=master:c06f9ccc9f6b9c63ebe972b7e1eed424a6c18dad,6:3b9f3588f7150d76865e38f070e4cd54b9c420d6
DEBUG: LC_ALL=C JX_LOG_LEVEL=error git fetch origin --unshallow 3b9f3588f7150d76865e38f070e4cd54b9c420d6: c06f9ccc9f6b9c63ebe972b7e1eed424a6c18dad:
DEBUG: ran git fetch --unshallow origin 3b9f3588f7150d76865e38f070e4cd54b9c420d6: c06f9ccc9f6b9c63ebe972b7e1eed424a6c18dad: in 
DEBUG: LC_ALL=C JX_LOG_LEVEL=error git branch
DEBUG: LC_ALL=C JX_LOG_LEVEL=error git checkout master
DEBUG: ran git checkout master in 
DEBUG: JX_LOG_LEVEL=error LC_ALL=C git reset --hard c06f9ccc9f6b9c63ebe972b7e1eed424a6c18dad
DEBUG: ran git reset --hard c06f9ccc9f6b9c63ebe972b7e1eed424a6c18dad in 
DEBUG: LC_ALL=C JX_LOG_LEVEL=error git clean -fd .
DEBUG: ran clean --force -d . in 
DEBUG: JX_LOG_LEVEL=error LC_ALL=C git merge 3b9f3588f7150d76865e38f070e4cd54b9c420d6
DEBUG: ran git merge 3b9f3588f7150d76865e38f070e4cd54b9c420d6 in 
DEBUG: LC_ALL=C JX_LOG_LEVEL=error git log --format=%H%x1f%an%x1f%ae%x1f%cn%x1f%ce%x1f%s%n%b%x1e c06f9ccc9f6b9c63ebe972b7e1eed424a6c18dad..HEAD
Merged SHA 3b9f3588f7150d76865e38f070e4cd54b9c420d6 with commit message 'chore: Promote bdd-nh-import-1587295368 to version 0.0.1' into base branch master

Showing logs for build [32mcb-kubecd-environment-pr-205-65-t2n75-1[0m stage [32mfrom-build-pack[0m and container [32mstep-build-helm-build[0m
WARNING: No $CHART_REPOSITORY defined so using the default value of: http://jenkins-x-chartmuseum:8080
Adding missing Helm repo: storage.googleapis.com https://storage.googleapis.com/chartmuseum.jenkins-x.io
WARNING: No secrets found on "helm/repos" due: reading the secret "helm/repos" from vault: no secret "helm/repos" not found in vault
Read credentials for https://storage.googleapis.com/chartmuseum.jenkins-x.io from vault helm/repos
Successfully added Helm repository storage.googleapis.com.
Adding missing Helm repo: jenkins-x-chartmuseum http://jenkins-x-chartmuseum:8080
WARNING: No secrets found on "helm/repos" due: reading the secret "helm/repos" from vault: no secret "helm/repos" not found in vault
Read credentials for http://jenkins-x-chartmuseum:8080 from vault helm/repos
Successfully added Helm repository jenkins-x-chartmuseum.
WARNING: No $CHART_REPOSITORY defined so using the default value of: http://jenkins-x-chartmuseum:8080
Adding missing Helm repo: chartmuseum.jenkins-x.io http://chartmuseum.jenkins-x.io
WARNING: No secrets found on "helm/repos" due: reading the secret "helm/repos" from vault: no secret "helm/repos" not found in vault
Read credentials for http://chartmuseum.jenkins-x.io from vault helm/repos
Successfully added Helm repository chartmuseum.jenkins-x.io.
