
Showing logs for build [32mcb-kubecd-environment-pr-205-65-mw7qt-1[0m stage [32mfrom-build-pack[0m and container [32mstep-credential-initializer-2wd62[0m
{"level":"info","ts":1587293968.403041,"logger":"fallback-logger","caller":"logging/config.go:69","msg":"Fetch GitHub commit ID from kodata failed: open /var/run/ko/refs/heads/0.8.0-ns-support: no such file or directory"}
{"level":"info","ts":1587293968.4040048,"logger":"fallback-logger","caller":"creds-init/main.go:40","msg":"Credentials initialized."}

Showing logs for build [32mcb-kubecd-environment-pr-205-65-mw7qt-1[0m stage [32mfrom-build-pack[0m and container [32mstep-working-dir-initializer-6jrcc[0m
{"level":"info","ts":1587293969.3833923,"logger":"fallback-logger","caller":"logging/config.go:69","msg":"Fetch GitHub commit ID from kodata failed: open /var/run/ko/HEAD: no such file or directory"}
{"level":"info","ts":1587293969.3897505,"logger":"fallback-logger","caller":"bash/main.go:64","msg":"Successfully executed command \"sh -c mkdir -p /workspace/source\"; output "}

Showing logs for build [32mcb-kubecd-environment-pr-205-65-mw7qt-1[0m stage [32mfrom-build-pack[0m and container [32mstep-place-tools[0m

Showing logs for build [32mcb-kubecd-environment-pr-205-65-mw7qt-1[0m stage [32mfrom-build-pack[0m and container [32mstep-git-source-cb-kubecd-environment-pr-205-65-mw7qt-hgsxb[0m
{"level":"info","ts":1587293973.5260074,"logger":"fallback-logger","caller":"logging/config.go:69","msg":"Fetch GitHub commit ID from kodata failed: open /var/run/ko/refs/heads/0.8.0-ns-support: no such file or directory"}
{"level":"info","ts":1587293974.5814242,"logger":"fallback-logger","caller":"git/git.go:103","msg":"Successfully cloned https://github.com/cb-kubecd/environment-pr-205-65-boot-gke-staging.git @ master in path /workspace/source"}

Showing logs for build [32mcb-kubecd-environment-pr-205-65-mw7qt-1[0m stage [32mfrom-build-pack[0m and container [32mstep-git-merge[0m
Using SHAs from PULL_REFS=master:f139f2156fcf6dd514d53e00884ae9f81243b46b,3:2ab0193b0815ac628b21d5302cfc58889725f764
DEBUG: LC_ALL=C JX_LOG_LEVEL=error git fetch origin --unshallow 2ab0193b0815ac628b21d5302cfc58889725f764: f139f2156fcf6dd514d53e00884ae9f81243b46b:
DEBUG: ran git fetch --unshallow origin 2ab0193b0815ac628b21d5302cfc58889725f764: f139f2156fcf6dd514d53e00884ae9f81243b46b: in 
DEBUG: LC_ALL=C JX_LOG_LEVEL=error git branch
DEBUG: LC_ALL=C JX_LOG_LEVEL=error git checkout master
DEBUG: ran git checkout master in 
DEBUG: LC_ALL=C JX_LOG_LEVEL=error git reset --hard f139f2156fcf6dd514d53e00884ae9f81243b46b
DEBUG: ran git reset --hard f139f2156fcf6dd514d53e00884ae9f81243b46b in 
DEBUG: LC_ALL=C JX_LOG_LEVEL=error git clean -fd .
DEBUG: ran clean --force -d . in 
DEBUG: LC_ALL=C JX_LOG_LEVEL=error git merge 2ab0193b0815ac628b21d5302cfc58889725f764
DEBUG: ran git merge 2ab0193b0815ac628b21d5302cfc58889725f764 in 
DEBUG: LC_ALL=C JX_LOG_LEVEL=error git log --format=%H%x1f%an%x1f%ae%x1f%cn%x1f%ce%x1f%s%n%b%x1e f139f2156fcf6dd514d53e00884ae9f81243b46b..HEAD
Merged SHA 2ab0193b0815ac628b21d5302cfc58889725f764 with commit message 'chore: Promote bdd-gh-1587292924 to version 0.0.1' into base branch master

Showing logs for build [32mcb-kubecd-environment-pr-205-65-mw7qt-1[0m stage [32mfrom-build-pack[0m and container [32mstep-build-helm-build[0m
WARNING: No $CHART_REPOSITORY defined so using the default value of: http://jenkins-x-chartmuseum:8080
Adding missing Helm repo: storage.googleapis.com https://storage.googleapis.com/chartmuseum.jenkins-x.io
WARNING: No secrets found on "helm/repos" due: reading the secret "helm/repos" from vault: no secret "helm/repos" not found in vault
Read credentials for https://storage.googleapis.com/chartmuseum.jenkins-x.io from vault helm/repos
Successfully added Helm repository storage.googleapis.com.
Adding missing Helm repo: jenkins-x-chartmuseum http://jenkins-x-chartmuseum:8080
WARNING: No secrets found on "helm/repos" due: reading the secret "helm/repos" from vault: no secret "helm/repos" not found in vault
Read credentials for http://jenkins-x-chartmuseum:8080 from vault helm/repos
Successfully added Helm repository jenkins-x-chartmuseum.
WARNING: No $CHART_REPOSITORY defined so using the default value of: http://jenkins-x-chartmuseum:8080
Adding missing Helm repo: chartmuseum.jenkins-x.io http://chartmuseum.jenkins-x.io
WARNING: No secrets found on "helm/repos" due: reading the secret "helm/repos" from vault: no secret "helm/repos" not found in vault
Read credentials for http://chartmuseum.jenkins-x.io from vault helm/repos
Successfully added Helm repository chartmuseum.jenkins-x.io.
