
Showing logs for build [32mcb-kubecd-environment-pr-205-65-vg7sg-1[0m stage [32mfrom-build-pack[0m and container [32mstep-credential-initializer-zfgg8[0m
{"level":"info","ts":1587295662.059771,"logger":"fallback-logger","caller":"logging/config.go:69","msg":"Fetch GitHub commit ID from kodata failed: open /var/run/ko/refs/heads/0.8.0-ns-support: no such file or directory"}
{"level":"info","ts":1587295662.060948,"logger":"fallback-logger","caller":"creds-init/main.go:40","msg":"Credentials initialized."}

Showing logs for build [32mcb-kubecd-environment-pr-205-65-vg7sg-1[0m stage [32mfrom-build-pack[0m and container [32mstep-working-dir-initializer-hzgkg[0m
{"level":"info","ts":1587295662.7859623,"logger":"fallback-logger","caller":"logging/config.go:69","msg":"Fetch GitHub commit ID from kodata failed: open /var/run/ko/HEAD: no such file or directory"}
{"level":"info","ts":1587295662.795277,"logger":"fallback-logger","caller":"bash/main.go:64","msg":"Successfully executed command \"sh -c mkdir -p /workspace/source\"; output "}

Showing logs for build [32mcb-kubecd-environment-pr-205-65-vg7sg-1[0m stage [32mfrom-build-pack[0m and container [32mstep-place-tools[0m

Showing logs for build [32mcb-kubecd-environment-pr-205-65-vg7sg-1[0m stage [32mfrom-build-pack[0m and container [32mstep-git-source-cb-kubecd-environment-pr-205-65-vg7sg-zbhr2[0m
{"level":"info","ts":1587295667.990051,"logger":"fallback-logger","caller":"logging/config.go:69","msg":"Fetch GitHub commit ID from kodata failed: open /var/run/ko/refs/heads/0.8.0-ns-support: no such file or directory"}
{"level":"info","ts":1587295669.0727746,"logger":"fallback-logger","caller":"git/git.go:103","msg":"Successfully cloned https://github.com/cb-kubecd/environment-pr-205-65-boot-gke-staging.git @ master in path /workspace/source"}

Showing logs for build [32mcb-kubecd-environment-pr-205-65-vg7sg-1[0m stage [32mfrom-build-pack[0m and container [32mstep-git-merge[0m
Using SHAs from PULL_REFS=master:f7112be0ad1c9e908b88b8ae21b10d362eb5ee54,5:3f9740637f03d1e376fda5cf9f297f45ef4a3912
DEBUG: JX_LOG_LEVEL=error LC_ALL=C git fetch origin --unshallow 3f9740637f03d1e376fda5cf9f297f45ef4a3912: f7112be0ad1c9e908b88b8ae21b10d362eb5ee54:
DEBUG: ran git fetch --unshallow origin 3f9740637f03d1e376fda5cf9f297f45ef4a3912: f7112be0ad1c9e908b88b8ae21b10d362eb5ee54: in 
DEBUG: JX_LOG_LEVEL=error LC_ALL=C git branch
DEBUG: JX_LOG_LEVEL=error LC_ALL=C git checkout master
DEBUG: ran git checkout master in 
DEBUG: LC_ALL=C JX_LOG_LEVEL=error git reset --hard f7112be0ad1c9e908b88b8ae21b10d362eb5ee54
DEBUG: ran git reset --hard f7112be0ad1c9e908b88b8ae21b10d362eb5ee54 in 
DEBUG: JX_LOG_LEVEL=error LC_ALL=C git clean -fd .
DEBUG: ran clean --force -d . in 
DEBUG: LC_ALL=C JX_LOG_LEVEL=error git merge 3f9740637f03d1e376fda5cf9f297f45ef4a3912
DEBUG: ran git merge 3f9740637f03d1e376fda5cf9f297f45ef4a3912 in 
DEBUG: LC_ALL=C JX_LOG_LEVEL=error git log --format=%H%x1f%an%x1f%ae%x1f%cn%x1f%ce%x1f%s%n%b%x1e f7112be0ad1c9e908b88b8ae21b10d362eb5ee54..HEAD
Merged SHA 3f9740637f03d1e376fda5cf9f297f45ef4a3912 with commit message 'chore: Promote bdd-ghf**y-import-1587295368 to version 0.0.1' into base branch master

Showing logs for build [32mcb-kubecd-environment-pr-205-65-vg7sg-1[0m stage [32mfrom-build-pack[0m and container [32mstep-build-helm-build[0m
WARNING: No $CHART_REPOSITORY defined so using the default value of: http://jenkins-x-chartmuseum:8080
Adding missing Helm repo: storage.googleapis.com https://storage.googleapis.com/chartmuseum.jenkins-x.io
WARNING: No secrets found on "helm/repos" due: reading the secret "helm/repos" from vault: no secret "helm/repos" not found in vault
Read credentials for https://storage.googleapis.com/chartmuseum.jenkins-x.io from vault helm/repos
Successfully added Helm repository storage.googleapis.com.
Adding missing Helm repo: jenkins-x-chartmuseum http://jenkins-x-chartmuseum:8080
WARNING: No secrets found on "helm/repos" due: reading the secret "helm/repos" from vault: no secret "helm/repos" not found in vault
Read credentials for http://jenkins-x-chartmuseum:8080 from vault helm/repos
Successfully added Helm repository jenkins-x-chartmuseum.
WARNING: No $CHART_REPOSITORY defined so using the default value of: http://jenkins-x-chartmuseum:8080
Adding missing Helm repo: chartmuseum.jenkins-x.io http://chartmuseum.jenkins-x.io
WARNING: No secrets found on "helm/repos" due: reading the secret "helm/repos" from vault: no secret "helm/repos" not found in vault
Read credentials for http://chartmuseum.jenkins-x.io from vault helm/repos
Successfully added Helm repository chartmuseum.jenkins-x.io.
